<?xml version="1.0" encoding="UTF-8"?>
<!-- Generated by org.testng.reporters.JUnitReportReporter -->
<testsuite skipped="0" hostname="DESKTOP-6NH46FF" name="package2.Class2" tests="1" failures="0" timestamp="2020-06-16T18:31:19 IST" time="0.014" errors="0">
  <testcase name="Apple" time="0.014" classname="package2.Class2"/>
</testsuite> <!-- package2.Class2 -->
