<?xml version="1.0" encoding="UTF-8"?>
<!-- Generated by org.testng.reporters.JUnitReportReporter -->
<testsuite skipped="0" hostname="DESKTOP-6NH46FF" name="package3.Class3" tests="1" failures="0" timestamp="2020-06-16T18:32:13 IST" time="0.015" errors="0">
  <testcase name="BMW" time="0.015" classname="package3.Class3"/>
</testsuite> <!-- package3.Class3 -->
