<?xml version="1.0" encoding="UTF-8"?>
<!-- Generated by org.testng.reporters.JUnitReportReporter -->
<testsuite skipped="0" hostname="DESKTOP-6NH46FF" name="package1.Class1" tests="1" failures="0" timestamp="16 Jun 2020 13:12:19 GMT" time="0.011" errors="0">
  <testcase name="Yamaha" time="0.011" classname="package1.Class1"/>
</testsuite> <!-- package1.Class1 -->
