<?xml version="1.0" encoding="UTF-8"?>
<!-- Generated by org.testng.reporters.JUnitReportReporter -->
<testsuite skipped="0" hostname="DESKTOP-6NH46FF" name="package2.Class2" tests="1" failures="0" timestamp="16 Jun 2020 13:12:19 GMT" time="0.000" errors="0">
  <testcase name="Apple" time="0.000" classname="package2.Class2"/>
</testsuite> <!-- package2.Class2 -->
